<?xml version="1.0" encoding="UTF-8"?><testsuite errors="1" failures="0" name="Verificar el ingreso correcto al sitio Éxito y elegir los productos de compra" skipped="0" tests="1" time="24.8" timestamp="2023-01-12 09:06:03"><testcase name="Verificar el ingreso correcto al sitio Éxito y elegir los productos de compra"><error message="The following error occurred: element click intercepted: Element &lt;span class=&quot;exito-vtex-components-4-x-buttonText&quot;&gt;...&lt;/span&gt; is not clickable at point (684, 16). Other element would receive the click: &lt;div class=&quot;vtex-flex-layout-0-x-flexCol  ml0 mr0 pl0 pr0    justify-center  flex flex-column h-100 w-100&quot;&gt;...&lt;/div&gt;&#10;  (Session info: chrome=108.0.5359.125)&#10;Build info: version: '3.11.0', revision: 'e59cfb3', time: '2018-03-11T20:26:55.152Z'&#10;System info: host: 'CHBOGPF34MNC5', ip: '10.99.56.141', os.name: 'Windows 10', os.arch: 'amd64', os.version: '10.0', java.version: '1.8.0_131'&#10;Driver info: org.openqa.selenium.remote.RemoteWebDriver&#10;Capabilities {acceptInsecureCerts: false, browserName: chrome, browserVersion: 108.0.5359.125, chrome: {chromedriverVersion: 108.0.5359.71 (1e0e3868ee06..., userDataDir: C:\Users\JQUINO~1\AppData\L...}, goog:chromeOptions: {debuggerAddress: localhost:54957}, javascriptEnabled: true, networkConnectionEnabled: false, pageLoadStrategy: normal, platform: WINDOWS, platformName: WINDOWS, proxy: Proxy(), setWindowRect: true, strictFileInteractability: false, timeouts: {implicit: 0, pageLoad: 300000, script: 30000}, unhandledPromptBehavior: dismiss and notify, webauthn:extension:credBlob: true, webauthn:extension:largeBlob: true, webauthn:virtualAuthenticators: true}&#10;Session ID: 7c1d286a0b4e689bd76d403cee26f8b2" type="org.openqa.selenium.ElementClickInterceptedException">The following error occurred: element click intercepted: Element &lt;span class="exito-vtex-components-4-x-buttonText"&gt;...&lt;/span&gt; is not clickable at point (684, 16). Other element would receive the click: &lt;div class="vtex-flex-layout-0-x-flexCol  ml0 mr0 pl0 pr0    justify-center  flex flex-column h-100 w-100"&gt;...&lt;/div&gt;
  (Session info: chrome=108.0.5359.125)
Build info: version: '3.11.0', revision: 'e59cfb3', time: '2018-03-11T20:26:55.152Z'
System info: host: 'CHBOGPF34MNC5', ip: '10.99.56.141', os.name: 'Windows 10', os.arch: 'amd64', os.version: '10.0', java.version: '1.8.0_131'
Driver info: org.openqa.selenium.remote.RemoteWebDriver
Capabilities {acceptInsecureCerts: false, browserName: chrome, browserVersion: 108.0.5359.125, chrome: {chromedriverVersion: 108.0.5359.71 (1e0e3868ee06..., userDataDir: C:\Users\JQUINO~1\AppData\L...}, goog:chromeOptions: {debuggerAddress: localhost:54957}, javascriptEnabled: true, networkConnectionEnabled: false, pageLoadStrategy: normal, platform: WINDOWS, platformName: WINDOWS, proxy: Proxy(), setWindowRect: true, strictFileInteractability: false, timeouts: {implicit: 0, pageLoad: 300000, script: 30000}, unhandledPromptBehavior: dismiss and notify, webauthn:extension:credBlob: true, webauthn:extension:largeBlob: true, webauthn:virtualAuthenticators: true}
Session ID: 7c1d286a0b4e689bd76d403cee26f8b2</error><system-err>The following error occurred: element click intercepted: Element &lt;span class="exito-vtex-components-4-x-buttonText"&gt;...&lt;/span&gt; is not clickable at point (684, 16). Other element would receive the click: &lt;div class="vtex-flex-layout-0-x-flexCol  ml0 mr0 pl0 pr0    justify-center  flex flex-column h-100 w-100"&gt;...&lt;/div&gt;
  (Session info: chrome=108.0.5359.125)
Build info: version: '3.11.0', revision: 'e59cfb3', time: '2018-03-11T20:26:55.152Z'
System info: host: 'CHBOGPF34MNC5', ip: '10.99.56.141', os.name: 'Windows 10', os.arch: 'amd64', os.version: '10.0', java.version: '1.8.0_131'
Driver info: org.openqa.selenium.remote.RemoteWebDriver
Capabilities {acceptInsecureCerts: false, browserName: chrome, browserVersion: 108.0.5359.125, chrome: {chromedriverVersion: 108.0.5359.71 (1e0e3868ee06..., userDataDir: C:\Users\JQUINO~1\AppData\L...}, goog:chromeOptions: {debuggerAddress: localhost:54957}, javascriptEnabled: true, networkConnectionEnabled: false, pageLoadStrategy: normal, platform: WINDOWS, platformName: WINDOWS, proxy: Proxy(), setWindowRect: true, strictFileInteractability: false, timeouts: {implicit: 0, pageLoad: 300000, script: 30000}, unhandledPromptBehavior: dismiss and notify, webauthn:extension:credBlob: true, webauthn:extension:largeBlob: true, webauthn:virtualAuthenticators: true}
Session ID: 7c1d286a0b4e689bd76d403cee26f8b2&#13;
co.com.choucair.screenplay.interactions.Listproducts.performAs(Listproducts.java:32)&#13;
co.com.choucair.screenplay.tasks.ProductsSeletion.performAs(ProductsSeletion.java:33)&#13;
co.com.choucair.screenplay.definition.Mydefinitions.seleccione_productos_aleatoreamente(Mydefinitions.java:38)&#13;
cucumber.runner.Runner.runPickle(Runner.java:80)&#13;
</system-err></testcase></testsuite>